#-----------------------------------------------------------
# Vivado v2024.2 (64-bit)
# SW Build 5239630 on Fri Nov 08 22:35:27 MST 2024
# IP Build 5239520 on Sun Nov 10 16:12:51 MST 2024
# SharedData Build 5239561 on Fri Nov 08 14:39:27 MST 2024
# Start of session at: Thu Nov 21 00:50:45 2024
# Process ID         : 18168
# Current directory  : C:/sem_7/CSD/f_proj/working_keyb_display/fresh_key_display
# Command line       : vivado.exe -gui_launcher_event rodinguilauncherevent21156 C:\sem_7\CSD\f_proj\working_keyb_display\fresh_key_display\fresh_key_display.xpr
# Log file           : C:/sem_7/CSD/f_proj/working_keyb_display/fresh_key_display/vivado.log
# Journal file       : C:/sem_7/CSD/f_proj/working_keyb_display/fresh_key_display\vivado.jou
# Running On         : Wickedfiend
# Platform           : Windows Server 2016 or Windows 10
# Operating System   : 22631
# Processor Detail   : 12th Gen Intel(R) Core(TM) i7-12650H
# CPU Frequency      : 2688 MHz
# CPU Physical cores : 10
# CPU Logical cores  : 16
# Host memory        : 16831 MB
# Swap memory        : 10737 MB
# Total Virtual      : 27569 MB
# Available Virtual  : 9723 MB
#-----------------------------------------------------------
start_gui
open_project C:/sem_7/CSD/f_proj/working_keyb_display/fresh_key_display/fresh_key_display.xpr
INFO: [Project 1-313] Project file moved from 'C:/Users/uday/Desktop/vivado/fresh_key_display' since last save.
WARNING: [filemgmt 56-2] Board Part Repository Path: Could not find the directory 'C:/sem_7/CSD/AppData/Roaming/Xilinx/Vivado/2024.1/xhub/board_store/xilinx_board_store', nor could it be found using path 'C:/Users/uday/AppData/Roaming/Xilinx/Vivado/2024.1/xhub/board_store/xilinx_board_store'.
INFO: [filemgmt 56-3] Default IP Output Path : Could not find the directory 'C:/sem_7/CSD/f_proj/working_keyb_display/fresh_key_display/fresh_key_display.gen/sources_1'.
Scanning sources...
Finished scanning sources
INFO: [Project 1-230] Project 'fresh_key_display.xpr' upgraded for this version of Vivado.
INFO: [IP_Flow 19-234] Refreshing IP repositories
INFO: [IP_Flow 19-1704] No user IP repositories specified
INFO: [IP_Flow 19-2313] Loaded Vivado IP repository 'C:/Vivado/Vivado/2024.2/data/ip'.
exit
INFO: [Common 17-206] Exiting Vivado at Thu Nov 21 01:01:26 2024...
